<?xml version="1.0" encoding="UTF-8"?>
<!-- Generated by org.testng.reporters.JUnitXMLReporter -->
<testsuite ignored="0" hostname="Priya" failures="0" tests="6" name="Test" time="4.172" errors="0" timestamp="2024-06-08T20:16:09 IST">
  <testcase classname="org.testing.TestScripts.TC1_PostRequest" name="testCase1" time="1.877"/>
  <testcase classname="org.testing.TestScripts.TC2_GetAllRequest" name="testcase2" time="0.063"/>
  <testcase classname="org.testing.TestScripts.TC3_GetParticular" name="testCase3" time="0.05"/>
  <testcase classname="org.testing.TestScripts.TC4_PutRequest" name="testCase4" time="0.031"/>
  <testcase classname="org.testing.TestScripts.TC5_DeleteParticular" name="testCase5" time="0.042"/>
  <testcase classname="org.testing.TestScripts.TC6_GetAllRequest2" name="testCase6" time="2.066"/>
</testsuite> <!-- Test -->
