<?xml version="1.0" encoding="UTF-8"?>
<!-- Generated by org.testng.reporters.JUnitXMLReporter -->
<testsuite ignored="0" hostname="Priya" failures="0" tests="6" name="Test" time="5.279" errors="0" timestamp="2024-06-12T20:25:58 IST">
  <testcase classname="org.testing.TestScripts.TC1_PostRequest" name="testCase1" time="1.958"/>
  <testcase classname="org.testing.TestScripts.TC2_GetAllRequest" name="testcase2" time="0.079"/>
  <testcase classname="org.testing.TestScripts.TC3_GetParticular" name="testCase3" time="0.049"/>
  <testcase classname="org.testing.TestScripts.TC4_PutRequest" name="testCase4" time="0.062"/>
  <testcase classname="org.testing.TestScripts.TC5_DeleteParticular" name="testCase5" time="0.027"/>
  <testcase classname="org.testing.TestScripts.TC6_GetAllRequest2" name="testCase6" time="3.061"/>
</testsuite> <!-- Test -->
