<?xml version="1.0" encoding="UTF-8"?>
<testng-results ignored="0" total="6" passed="6" failed="0" skipped="0">
  <reporter-output>
  </reporter-output>
  <suite started-at="2024-06-12T20:25:53 IST" name="Suite" finished-at="2024-06-12T20:25:58 IST" duration-ms="5279">
    <groups>
    </groups>
    <test started-at="2024-06-12T20:25:53 IST" name="Test" finished-at="2024-06-12T20:25:58 IST" duration-ms="5279">
      <class name="org.testing.TestScripts.TC6_GetAllRequest2">
        <test-method signature="testCase6()[pri:0, instance:org.testing.TestScripts.TC6_GetAllRequest2@25084a1e]" started-at="2024-06-12T20:25:55 IST" name="testCase6" finished-at="2024-06-12T20:25:58 IST" duration-ms="3061" status="PASS">
          <reporter-output>
          </reporter-output>
        </test-method> <!-- testCase6 -->
      </class> <!-- org.testing.TestScripts.TC6_GetAllRequest2 -->
      <class name="org.testing.TestScripts.TC4_PutRequest">
        <test-method signature="testCase4()[pri:0, instance:org.testing.TestScripts.TC4_PutRequest@4efc180e]" started-at="2024-06-12T20:25:55 IST" name="testCase4" finished-at="2024-06-12T20:25:55 IST" duration-ms="62" status="PASS">
          <reporter-output>
          </reporter-output>
        </test-method> <!-- testCase4 -->
      </class> <!-- org.testing.TestScripts.TC4_PutRequest -->
      <class name="org.testing.TestScripts.TC2_GetAllRequest">
        <test-method signature="testcase2()[pri:0, instance:org.testing.TestScripts.TC2_GetAllRequest@505fc5a4]" started-at="2024-06-12T20:25:55 IST" name="testcase2" finished-at="2024-06-12T20:25:55 IST" duration-ms="79" status="PASS">
          <reporter-output>
          </reporter-output>
        </test-method> <!-- testcase2 -->
      </class> <!-- org.testing.TestScripts.TC2_GetAllRequest -->
      <class name="org.testing.TestScripts.TC1_PostRequest">
        <test-method signature="testCase1()[pri:0, instance:org.testing.TestScripts.TC1_PostRequest@1e683a3e]" started-at="2024-06-12T20:25:53 IST" name="testCase1" finished-at="2024-06-12T20:25:55 IST" duration-ms="1958" status="PASS">
          <reporter-output>
          </reporter-output>
        </test-method> <!-- testCase1 -->
      </class> <!-- org.testing.TestScripts.TC1_PostRequest -->
      <class name="org.testing.TestScripts.TC5_DeleteParticular">
        <test-method signature="testCase5()[pri:0, instance:org.testing.TestScripts.TC5_DeleteParticular@bd4dc25]" started-at="2024-06-12T20:25:55 IST" name="testCase5" finished-at="2024-06-12T20:25:55 IST" duration-ms="27" status="PASS">
          <reporter-output>
          </reporter-output>
        </test-method> <!-- testCase5 -->
      </class> <!-- org.testing.TestScripts.TC5_DeleteParticular -->
      <class name="org.testing.TestScripts.TC3_GetParticular">
        <test-method signature="testCase3()[pri:0, instance:org.testing.TestScripts.TC3_GetParticular@5fbdfdcf]" started-at="2024-06-12T20:25:55 IST" name="testCase3" finished-at="2024-06-12T20:25:55 IST" duration-ms="49" status="PASS">
          <reporter-output>
          </reporter-output>
        </test-method> <!-- testCase3 -->
      </class> <!-- org.testing.TestScripts.TC3_GetParticular -->
    </test> <!-- Test -->
  </suite> <!-- Suite -->
</testng-results>
