<?xml version="1.0" encoding="UTF-8"?>
<testng-results ignored="0" total="6" passed="6" failed="0" skipped="0">
  <reporter-output>
  </reporter-output>
  <suite started-at="2024-06-08T20:16:05 IST" name="Suite" finished-at="2024-06-08T20:16:09 IST" duration-ms="4172">
    <groups>
    </groups>
    <test started-at="2024-06-08T20:16:05 IST" name="Test" finished-at="2024-06-08T20:16:09 IST" duration-ms="4172">
      <class name="org.testing.TestScripts.TC6_GetAllRequest2">
        <test-method signature="testCase6()[pri:0, instance:org.testing.TestScripts.TC6_GetAllRequest2@57d7f8ca]" started-at="2024-06-08T20:16:07 IST" name="testCase6" finished-at="2024-06-08T20:16:09 IST" duration-ms="2066" status="PASS">
          <reporter-output>
          </reporter-output>
        </test-method> <!-- testCase6 -->
      </class> <!-- org.testing.TestScripts.TC6_GetAllRequest2 -->
      <class name="org.testing.TestScripts.TC4_PutRequest">
        <test-method signature="testCase4()[pri:0, instance:org.testing.TestScripts.TC4_PutRequest@581ac8a8]" started-at="2024-06-08T20:16:07 IST" name="testCase4" finished-at="2024-06-08T20:16:07 IST" duration-ms="31" status="PASS">
          <reporter-output>
          </reporter-output>
        </test-method> <!-- testCase4 -->
      </class> <!-- org.testing.TestScripts.TC4_PutRequest -->
      <class name="org.testing.TestScripts.TC2_GetAllRequest">
        <test-method signature="testcase2()[pri:0, instance:org.testing.TestScripts.TC2_GetAllRequest@1b1426f4]" started-at="2024-06-08T20:16:07 IST" name="testcase2" finished-at="2024-06-08T20:16:07 IST" duration-ms="63" status="PASS">
          <reporter-output>
          </reporter-output>
        </test-method> <!-- testcase2 -->
      </class> <!-- org.testing.TestScripts.TC2_GetAllRequest -->
      <class name="org.testing.TestScripts.TC1_PostRequest">
        <test-method signature="testCase1()[pri:0, instance:org.testing.TestScripts.TC1_PostRequest@37654521]" started-at="2024-06-08T20:16:05 IST" name="testCase1" finished-at="2024-06-08T20:16:07 IST" duration-ms="1877" status="PASS">
          <reporter-output>
          </reporter-output>
        </test-method> <!-- testCase1 -->
      </class> <!-- org.testing.TestScripts.TC1_PostRequest -->
      <class name="org.testing.TestScripts.TC5_DeleteParticular">
        <test-method signature="testCase5()[pri:0, instance:org.testing.TestScripts.TC5_DeleteParticular@6d4e5011]" started-at="2024-06-08T20:16:07 IST" name="testCase5" finished-at="2024-06-08T20:16:07 IST" duration-ms="42" status="PASS">
          <reporter-output>
          </reporter-output>
        </test-method> <!-- testCase5 -->
      </class> <!-- org.testing.TestScripts.TC5_DeleteParticular -->
      <class name="org.testing.TestScripts.TC3_GetParticular">
        <test-method signature="testCase3()[pri:0, instance:org.testing.TestScripts.TC3_GetParticular@32b260fa]" started-at="2024-06-08T20:16:07 IST" name="testCase3" finished-at="2024-06-08T20:16:07 IST" duration-ms="50" status="PASS">
          <reporter-output>
          </reporter-output>
        </test-method> <!-- testCase3 -->
      </class> <!-- org.testing.TestScripts.TC3_GetParticular -->
    </test> <!-- Test -->
  </suite> <!-- Suite -->
</testng-results>
